Started by user [8mha:////4AUDbHayNnIXFVFxdM0fFa7o2lPCAEQ0MdulVlSFXDq+AAAAlx+LCAAAAAAAAP9b85aBtbiIQTGjNKU4P08vOT+vOD8nVc83PyU1x6OyILUoJzMv2y+/JJUBAhiZGBgqihhk0NSjKDWzXb3RdlLBUSYGJk8GtpzUvPSSDB8G5tKinBIGIZ+sxLJE/ZzEvHT94JKizLx0a6BxUmjGOUNodHsLgAzWEgZu/dLi1CL9xJTczDwAj6GcLcAAAAA=[0madmin
[EnvInject] - Loading node environment variables.
[EnvInject] - Preparing an environment for the build.
[EnvInject] - Keeping Jenkins build variables.
[EnvInject] - Injecting contributions.
Building remotely on [8mha:////4I0qy5XH4KWpT5e2+egFi9tRSZ4yjmHGgzAOLY3bQOstAAAAoB+LCAAAAAAAAP9b85aBtbiIQTGjNKU4P08vOT+vOD8nVc83PyU1x6OyILUoJzMv2y+/JJUBAhiZGBgqihhk0NSjKDWzXb3RdlLBUSYGJk8GtpzUvPSSDB8G5tKinBIGIZ+sxLJE/ZzEvHT94JKizLx0a6BxUmjGOUNodHsLgAyuEgYR/eT83ILSktQi/cT01LyS+JLU4hIApPToXMkAAAA=[0magent_test (chrome linux squashtf) in workspace /var/jenkins_home/workspace/test_job/test_auto
using credential GitHub
 > git rev-parse --is-inside-work-tree # timeout=10
Fetching changes from the remote Git repository
 > git config remote.test_auto.url https://github.com/bart-the-wacky/test_auto.git # timeout=10
Fetching upstream changes from https://github.com/bart-the-wacky/test_auto.git
 > git --version # timeout=10
using GIT_ASKPASS to set credentials credentials pour Github
 > git fetch --tags --progress https://github.com/bart-the-wacky/test_auto.git +refs/heads/*:refs/remotes/test_auto/*
 > git rev-parse refs/remotes/test_auto/test_auto^{commit} # timeout=10
 > git rev-parse refs/remotes/test_auto/test_auto/test_auto^{commit} # timeout=10
Checking out Revision 6b7e8456e12a74a734c04b6cd646ca280dd93096 (refs/remotes/test_auto/test_auto)
 > git config core.sparsecheckout # timeout=10
 > git checkout -f 6b7e8456e12a74a734c04b6cd646ca280dd93096
Commit message: "nettoyage du reporting"
First time build. Skipping changelog.
Checking for pre-build
Executing pre-build step
Extended Email Publisher is currently disabled in project settings
Retrieve Katalon Studio version: 6.2.1, OS: linux
Number of releases: 162
Katalon Studio is hosted at https://github.com/katalon-studio/katalon-studio/releases/download/v6.2.1/Katalon_Studio_Linux_64-6.2.1.tar.gz.
Downloading Katalon Studio from https://github.com/katalon-studio/katalon-studio/releases/download/v6.2.1/Katalon_Studio_Linux_64-6.2.1.tar.gz. It may take a few minutes.
Extract /tmp/Katalon-5848495328844146477 to /home/jenkins/.katalon/6.2.1
Execute [sh, -c, tar -xzf "/tmp/Katalon-5848495328844146477"] in /home/jenkins/.katalon/6.2.1
Katalon Studio has been installed successfully.
Using Katalon Studio at /home/jenkins/.katalon/6.2.1/Katalon_Studio_Linux_64-6.2.1
Making driver executables...
Drivers folder at: /home/jenkins/.katalon/6.2.1/Katalon_Studio_Linux_64-6.2.1/configuration/resources/drivers
Set chromedriver as executable !
Set geckodriver as executable !
Execute [sh, -c, xvfb-run -a -n 0 -s "-screen 0 1024x768x24" /home/jenkins/.katalon/6.2.1/Katalon_Studio_Linux_64-6.2.1/katalon -noSplash  -runMode=console  -browserType="Chrome" -retry=0 -statusDelay=15 -testSuitePath="Test Suites/test_init" -projectPath="/var/jenkins_home/workspace/test_job/test_auto" --config -webui.autoUpdateDrivers=true --no-sandbox -apiKey=4d90b6b4-8dcd-4242-968b-06128a89eaa2 -reportFolder="/var/jenkins_home/workspace/test_job/test_auto/Reports/test_init" -reportFileName="$BUILD_TAG""_chrome" ] in /tmp/katalon-2074171480797800330
Katalon workspace folder is set to default location: /home/jenkins/.katalon/6.2.1/Katalon_Studio_Linux_64-6.2.1/config
Starting Groovy-Eclipse compiler resolver.  Specified compiler level: unspecified
170 2.4.7.xx-201611170128-e46 = ACTIVE


INFO: Katalon Version: 6.2.1
INFO: Command-line arguments: -runMode=console -browserType=Chrome -retry=0 -statusDelay=15 -testSuitePath=Test Suites/test_init -projectPath=/var/jenkins_home/workspace/test_job/test_auto --config -webui.autoUpdateDrivers=true --no-sandbox -apiKey=****** -reportFolder=/var/jenkins_home/workspace/test_job/test_auto/Reports/test_init -reportFileName=jenkins-test_auto_chrome-1_chrome
INFO: User working dir: /tmp/katalon-2074171480797800330
INFO: User home: /home/jenkins
INFO: Java vendor: Oracle Corporation
INFO: Java version: 1.8.0_171
INFO: Local OS: Linux 64bit
INFO: CPU load: 41%
INFO: Total memory: 3948 MB
INFO: Free memory: 31 MB


Start reloading plugins...
Latest plugins responses: [{"id":16173,"status":1,"expiration_date":null,"created_at":"2019-07-17T12:12:23.509Z","updated_at":"2019-07-17T12:12:23.509Z","active":true,"send_expiration_mail":false,"send_expiration_reminder_mail":false,"user_id":10729,"bundled_plugin_id":null,"product":{"id":59,"plugin_id":null,"name":"Basic Report","description":"Basic Report Plugin is a Custom Keyword that replaces for the current Report feature of Katalon Studio. Since version 6.1.5, the Report feature has been migrated to Basic Report plugin.","logo":"m3j3hddvlvinco5i-BasicReport_140px.png","repository":"https://github.com/katalon-studio/katalon-studio-basic-report-plugin","documentation":"https://github.com/katalon-studio/katalon-studio-report-plugin/blob/master/docs/tutorials/usage.md","reference":null,"license":"","release_date":null,"qa_url":null,"status":1,"created_at":"2019-04-26T09:41:28.208Z","updated_at":"2019-06-20T08:47:11.762Z","overview":"Basic Report Plugin is a Custom Keyword that replaces for the current Report feature of Katalon Studio. Since [version 6.1.5](https://docs.katalon.com/katalon-studio/new/version-615.html), the Report feature has been migrated to Basic Report plugin.  Users need to install this plugin to continue using the feature.\r\n\r\n### Basic Report Plugin provides:\r\n- Generates automatically report from Test Suite report after every test execution with various formats: HTML, CSV, JUnit, and PDF.\r\n- Allows users to export manually Test Suite and Test Suite collection report to HTML, CSV, JUnit, and PDF. Right click on the report and choose Export as.\r\n\r\nFor more details, refer to [Basic Report document](https://docs.katalon.com/katalon-studio/docs/basic-report.html).\r\n","price":null,"stripe_product_id":null,"reject_reason":null,"latest_version_number":null,"product_type_id":2,"marketplace_id":null,"product_versions":[{"id":118,"number":"1.0.2","status":1,"created_at":"2019-05-15T04:35:14.552Z","updated_at":"2019-06-20T08:47:20.952Z","min_app_version":"6.1.5","max_app_version":null,"change_log":""},{"id":99,"number":"1.0.1","status":1,"created_at":"2019-04-26T09:41:28.242Z","updated_at":"2019-06-20T08:47:20.953Z","min_app_version":"6.1.5","max_app_version":null,"change_log":""},{"id":145,"number":"1.0.5","status":1,"created_at":"2019-06-20T08:44:52.820Z","updated_at":"2019-06-20T08:47:20.944Z","min_app_version":"6.2.0","max_app_version":null,"change_log":""},{"id":129,"number":"1.0.4","status":1,"created_at":"2019-05-24T09:48:58.985Z","updated_at":"2019-06-20T08:47:20.947Z","min_app_version":"6.2.0","max_app_version":null,"change_log":""},{"id":127,"number":"1.0.3","status":1,"created_at":"2019-05-24T02:43:18.285Z","updated_at":"2019-06-20T08:47:20.949Z","min_app_version":"6.1.5","max_app_version":null,"change_log":""}],"product_type":{"id":2,"name":"Custom Keywords Plugin","description":"Custom Keywords Plugin","sequence":1,"created_at":"2019-03-14T08:13:50.036Z","updated_at":"2019-03-14T08:13:50.036Z","view_type":0},"product_categories":[{"id":2,"name":"Utilities","short_name":"","description":"Utilities","order":2,"hide":false,"use_carousel":true,"created_at":"2019-06-13T08:48:28.556Z","updated_at":"2019-06-13T08:48:28.556Z","product_join_category":{"id":22,"created_at":"2019-06-13T08:47:46.501Z","updated_at":"2019-06-13T08:47:46.501Z","product_id":59,"category_id":2}}],"logoUrl":"https://katalon-store.s3.amazonaws.com/m3j3hddvlvinco5i-BasicReport_140px.png","categories":"Utilities","url":"/product/59"},"license_type":{"id":1,"name":"Free","active":true,"day":null,"month":null,"year":null,"created_at":"2019-01-30T01:47:14.080Z","updated_at":"2019-01-30T01:47:14.080Z"},"free":true,"trial":false,"paid":false,"expired":false,"canceled":false,"uninstalled":false,"finalized":false,"compatible_versions":[{"id":118,"number":"1.0.2","status":1,"created_at":"2019-05-15T04:35:14.552Z","updated_at":"2019-06-20T08:47:20.952Z","min_app_version":"6.1.5","max_app_version":null,"change_log":""},{"id":99,"number":"1.0.1","status":1,"created_at":"2019-04-26T09:41:28.242Z","updated_at":"2019-06-20T08:47:20.953Z","min_app_version":"6.1.5","max_app_version":null,"change_log":""},{"id":145,"number":"1.0.5","status":1,"created_at":"2019-06-20T08:44:52.820Z","updated_at":"2019-06-20T08:47:20.944Z","min_app_version":"6.2.0","max_app_version":null,"change_log":""},{"id":129,"number":"1.0.4","status":1,"created_at":"2019-05-24T09:48:58.985Z","updated_at":"2019-06-20T08:47:20.947Z","min_app_version":"6.2.0","max_app_version":null,"change_log":""},{"id":127,"number":"1.0.3","status":1,"created_at":"2019-05-24T02:43:18.285Z","updated_at":"2019-06-20T08:47:20.949Z","min_app_version":"6.1.5","max_app_version":null,"change_log":""}],"latest_compatible_version":{"id":145,"number":"1.0.5","status":1,"created_at":"2019-06-20T08:44:52.820Z","updated_at":"2019-06-20T08:47:20.944Z","min_app_version":"6.2.0","max_app_version":null,"change_log":""},"current_version":{"id":145,"number":"1.0.5","status":1,"created_at":"2019-06-20T08:44:52.820Z","updated_at":"2019-06-20T08:47:20.944Z","min_app_version":"6.2.0","max_app_version":null,"change_log":""},"latest_version":{"id":145,"number":"1.0.5","status":1,"created_at":"2019-06-20T08:44:52.820Z","updated_at":"2019-06-20T08:47:20.944Z","min_app_version":"6.2.0","max_app_version":null,"change_log":""},"created_date":"July 17th 2019, 12:12 pm"}]
Katalon version: 6.2.1
Plugin info URL: https://store.katalon.com/api/products/ks?appVersion=6.2.1
Plugin info: {
  "expired": false,
  "productId": 59,
  "name": "Basic Report",
  "id": 16173
}
Plugin ID: 16173. Plugin location: /home/jenkins/.katalon/6.2.1/Katalon_Studio_Linux_64-6.2.1/configuration/plugin/install/16173/1.0.5/katalon-studio-report-plugin.jar.
Plugin "Basic Report" has been installed.
Project path is a folder.
Examine folder 'Plugins'.
Examine file 'test_auto.prj'.
Found project file '/var/jenkins_home/workspace/test_job/test_auto/test_auto.prj'.
Examine file '.project'.
Examine folder 'Reports'.
Examine folder 'Scripts'.
Examine folder '.git'.
Examine folder 'Test Cases'.
Examine folder 'Object Repository'.
Examine folder 'Libs'.
Examine folder 'Test Listeners'.
Examine folder 'Test Suites'.
Examine folder 'Keywords'.
Examine folder 'Data Files'.
Examine folder '.settings'.
Examine folder 'bin'.
Examine file 'README.md'.
Examine folder 'Profiles'.
Examine folder 'Include'.
Examine folder 'settings'.
Examine file 'console.properties'.
Examine folder 'Checkpoints'.
Examine file '.classpath'.
Examine folder 'Drivers'.
Delete folder: bin
Delete folder: Libs
Opening project file: /var/jenkins_home/workspace/test_job/test_auto/test_auto.prj
Parsing custom keywords in Plugins folder...
Generating global variables...
Parsing custom keywords...
Project 'test_auto' opened
[INFO] Using WebDriverManager to resolve chrome
Jul 22, 2019 9:26:54 AM java.util.prefs.FileSystemPreferences$1 run
INFO: Created user preferences directory.
[DEBUG] Driver for chrome75 not found in local properties
[INFO] Using chromedriver 75.0.3770.140 (since Google Chrome 75 is installed in your machine)
[INFO] Reading https://chromedriver.storage.googleapis.com/ to seek chromedriver
[INFO] Downloading https://chromedriver.storage.googleapis.com/75.0.3770.140/chromedriver_linux64.zip
[INFO] Extracting binary from compressed file chromedriver_linux64.zip
[INFO] Resulting binary /home/jenkins/.katalon/6.2.1/Katalon_Studio_Linux_64-6.2.1/configuration/resources/temp/webdriver/chromedriver
Chrome driver is located at: /home/jenkins/.katalon/6.2.1/Katalon_Studio_Linux_64-6.2.1/configuration/resources/temp/webdriver/chromedriver

--------------------------------------------------------------------------------
Test Suites/test_init - Chrome - 20190722_092714.........................0/1(0%)
--------------------------------------------------------------------------------


--------------------------------------------------------------------------------
Test Suites/test_init - Chrome - 20190722_092714.........................0/1(0%)
--------------------------------------------------------------------------------

2019-07-22 09:27:48.346 INFO  c.k.katalon.core.main.TestSuiteExecutor  - START Test Suites/test_init
2019-07-22 09:27:49.239 INFO  c.k.katalon.core.main.TestSuiteExecutor  - hostName = jenkins - 56a4f166d459
2019-07-22 09:27:49.273 INFO  c.k.katalon.core.main.TestSuiteExecutor  - os = Linux 64bit
2019-07-22 09:27:49.291 INFO  c.k.katalon.core.main.TestSuiteExecutor  - hostAddress = 172.17.0.4
2019-07-22 09:27:49.316 INFO  c.k.katalon.core.main.TestSuiteExecutor  - katalonVersion = 6.2.1.2

--------------------------------------------------------------------------------
Test Suites/test_init - Chrome - 20190722_092714.........................0/1(0%)
--------------------------------------------------------------------------------

2019-07-22 09:27:53.819 INFO  c.k.katalon.core.main.TestCaseExecutor   - --------------------
2019-07-22 09:27:53.847 INFO  c.k.katalon.core.main.TestCaseExecutor   - START Test Cases/test_case_chrome
Start recording video for test case 'Test Cases/test_case_chrome'.
2019-07-22 09:28:03.096 DEBUG testcase.test_case_chrome                - 1: openBrowser("https://www.google.fr/")

--------------------------------------------------------------------------------
Test Suites/test_init - Chrome - 20190722_092714.........................0/1(0%)
--------------------------------------------------------------------------------

2019-07-22 09:28:08.611 INFO  c.k.k.core.webui.driver.DriverFactory    - Starting 'Chrome' driver
Jul 22, 2019 9:28:08 AM org.openqa.selenium.remote.DesiredCapabilities chrome
INFO: Using `new ChromeOptions()` is preferred to `DesiredCapabilities.chrome()`
2019-07-22 09:28:09.125 INFO  c.k.k.core.webui.driver.DriverFactory    - Action delay is set to 0 seconds
Starting ChromeDriver 75.0.3770.140 (2d9f97485c7b07dc18a74666574f19176731995c-refs/branch-heads/3770@{#1155}) on port 30840
Only local connections are allowed.
Please protect ports used by ChromeDriver and related test frameworks to prevent access by malicious code.
[1563787695.595][SEVERE]: bind() failed: Cannot assign requested address (99)

--------------------------------------------------------------------------------
Test Suites/test_init - Chrome - 20190722_092714.........................0/1(0%)
--------------------------------------------------------------------------------


--------------------------------------------------------------------------------
Test Suites/test_init - Chrome - 20190722_092714.........................0/1(0%)
--------------------------------------------------------------------------------

Jul 22, 2019 9:28:39 AM org.openqa.selenium.remote.ProtocolHandshake createSession
INFO: Detected dialect: W3C
2019-07-22 09:28:40.435 INFO  c.k.k.core.webui.driver.DriverFactory    - sessionId = 6669ef4569bf3c1f96fac148ad447ea3
2019-07-22 09:28:40.951 INFO  c.k.k.core.webui.driver.DriverFactory    - browser = Chrome 75.0.3770.142
2019-07-22 09:28:40.963 INFO  c.k.k.core.webui.driver.DriverFactory    - platform = Linux
2019-07-22 09:28:40.994 INFO  c.k.k.core.webui.driver.DriverFactory    - seleniumVersion = 3.141.59
2019-07-22 09:28:41.047 INFO  c.k.k.core.webui.driver.DriverFactory    - proxyInformation = ProxyInformation{proxyOption=NO_PROXY, proxyServerType=HTTP, password=, proxyServerAddress=, proxyServerPort=0}

--------------------------------------------------------------------------------
Test Suites/test_init - Chrome - 20190722_092714.........................0/1(0%)
--------------------------------------------------------------------------------

2019-07-22 09:28:51.103 DEBUG testcase.test_case_chrome                - 2: setText(findTestObject("Object Repository/Page_Google/input_Connexion_q"), "docker hub")
2019-07-22 09:28:56.330 DEBUG testcase.test_case_chrome                - 3: click(findTestObject("Page_Google/bouton_recherche"))

--------------------------------------------------------------------------------
Test Suites/test_init - Chrome - 20190722_092714.........................0/1(0%)
--------------------------------------------------------------------------------

2019-07-22 09:29:07.634 DEBUG testcase.test_case_chrome                - 4: click(findTestObject("Object Repository/Page_docker hub - Recherche Google/h3_Docker Hub"))

--------------------------------------------------------------------------------
Test Suites/test_init - Chrome - 20190722_092714.........................0/1(0%)
--------------------------------------------------------------------------------

2019-07-22 09:29:32.858 DEBUG testcase.test_case_chrome                - 5: takeScreenshot("Reports/screenshots/chrome_checkpoint1.png")
2019-07-22 09:29:34.180 DEBUG testcase.test_case_chrome                - 6: click(findTestObject("Object Repository/Page_Docker Hub/div_Sign In"))

--------------------------------------------------------------------------------
Test Suites/test_init - Chrome - 20190722_092714.........................0/1(0%)
--------------------------------------------------------------------------------

2019-07-22 09:29:38.874 DEBUG testcase.test_case_chrome                - 7: takeScreenshot("Reports/screenshots/chrome_checkpoint2.png")
2019-07-22 09:29:43.968 ERROR c.k.k.core.keyword.internal.KeywordMain  - ‚ùå Cannot take screenshot (Root cause: com.kms.katalon.core.exception.StepFailedException: Cannot take screenshot
	at com.kms.katalon.core.webui.keyword.internal.WebUIKeywordMain.stepFailed(WebUIKeywordMain.groovy:64)
	at com.kms.katalon.core.webui.keyword.internal.WebUIKeywordMain.runKeyword(WebUIKeywordMain.groovy:26)
	at com.kms.katalon.core.webui.keyword.builtin.TakeScreenshotKeyword.takeScreenshot(TakeScreenshotKeyword.groovy:88)
	at com.kms.katalon.core.webui.keyword.builtin.TakeScreenshotKeyword.execute(TakeScreenshotKeyword.groovy:71)
	at com.kms.katalon.core.keyword.internal.KeywordExecutor.executeKeywordForPlatform(KeywordExecutor.groovy:56)
	at com.kms.katalon.core.webui.keyword.WebUiBuiltInKeywords.takeScreenshot(WebUiBuiltInKeywords.groovy:2881)
	at com.kms.katalon.core.webui.keyword.WebUiBuiltInKeywords$takeScreenshot$2.call(Unknown Source)
	at test_case_chrome.run(test_case_chrome:30)
	at com.kms.katalon.core.main.ScriptEngine.run(ScriptEngine.java:194)
	at com.kms.katalon.core.main.ScriptEngine.runScriptAsRawText(ScriptEngine.java:119)
	at com.kms.katalon.core.main.TestCaseExecutor.runScript(TestCaseExecutor.java:337)
	at com.kms.katalon.core.main.TestCaseExecutor.doExecute(TestCaseExecutor.java:328)
	at com.kms.katalon.core.main.TestCaseExecutor.processExecutionPhase(TestCaseExecutor.java:307)
	at com.kms.katalon.core.main.TestCaseExecutor.accessMainPhase(TestCaseExecutor.java:299)
	at com.kms.katalon.core.main.TestCaseExecutor.execute(TestCaseExecutor.java:233)
	at com.kms.katalon.core.main.TestSuiteExecutor.accessTestCaseMainPhase(TestSuiteExecutor.java:133)
	at com.kms.katalon.core.main.TestSuiteExecutor.accessTestSuiteMainPhase(TestSuiteExecutor.java:116)
	at com.kms.katalon.core.main.TestSuiteExecutor.execute(TestSuiteExecutor.java:83)
	at com.kms.katalon.core.main.TestCaseMain.startTestSuite(TestCaseMain.java:157)
	at com.kms.katalon.core.main.TestCaseMain$startTestSuite$0.call(Unknown Source)
	at TempTestSuite1563787634957.run(TempTestSuite1563787634957.groovy:35)
Caused by: java.io.FileNotFoundException: Reports/screenshots/chrome_checkpoint2.png (No such file or directory)
	at org.apache.commons.io.FileUtils.doCopyFile(FileUtils.java:1139)
	at org.apache.commons.io.FileUtils.copyFile(FileUtils.java:1091)
	at com.kms.katalon.core.webui.util.FileUtil.takesScreenshot(FileUtil.java:27)
	at com.kms.katalon.core.webui.keyword.builtin.TakeScreenshotKeyword$_takeScreenshot_closure1.doCall(TakeScreenshotKeyword.groovy:89)
	at com.kms.katalon.core.webui.keyword.builtin.TakeScreenshotKeyword$_takeScreenshot_closure1.call(TakeScreenshotKeyword.groovy)
	at com.kms.katalon.core.webui.keyword.internal.WebUIKeywordMain.runKeyword(WebUIKeywordMain.groovy:20)
	at com.kms.katalon.core.webui.keyword.builtin.TakeScreenshotKeyword.takeScreenshot(TakeScreenshotKeyword.groovy:88)
	at com.kms.katalon.core.webui.keyword.builtin.TakeScreenshotKeyword.execute(TakeScreenshotKeyword.groovy:71)
	at com.kms.katalon.core.keyword.internal.KeywordExecutor.executeKeywordForPlatform(KeywordExecutor.groovy:56)
	at com.kms.katalon.core.webui.keyword.WebUiBuiltInKeywords.takeScreenshot(WebUiBuiltInKeywords.groovy:2881)
	at com.kms.katalon.core.webui.keyword.WebUiBuiltInKeywords$takeScreenshot$2.call(Unknown Source)
	at Script1563190084977.run(Script1563190084977.groovy:30)
	... 13 more
)
2019-07-22 09:29:44.127 ERROR c.k.katalon.core.main.TestCaseExecutor   - ‚ùå Test Cases/test_case_chrome FAILED.
Reason:
com.kms.katalon.core.exception.StepFailedException: Cannot take screenshot
	at com.kms.katalon.core.webui.keyword.internal.WebUIKeywordMain.stepFailed(WebUIKeywordMain.groovy:64)
	at com.kms.katalon.core.webui.keyword.internal.WebUIKeywordMain.runKeyword(WebUIKeywordMain.groovy:26)
	at com.kms.katalon.core.webui.keyword.builtin.TakeScreenshotKeyword.takeScreenshot(TakeScreenshotKeyword.groovy:88)
	at com.kms.katalon.core.webui.keyword.builtin.TakeScreenshotKeyword.execute(TakeScreenshotKeyword.groovy:71)
	at com.kms.katalon.core.keyword.internal.KeywordExecutor.executeKeywordForPlatform(KeywordExecutor.groovy:56)
	at com.kms.katalon.core.webui.keyword.WebUiBuiltInKeywords.takeScreenshot(WebUiBuiltInKeywords.groovy:2881)
	at com.kms.katalon.core.webui.keyword.WebUiBuiltInKeywords$takeScreenshot$2.call(Unknown Source)
	at test_case_chrome.run(test_case_chrome:30)
	at com.kms.katalon.core.main.ScriptEngine.run(ScriptEngine.java:194)
	at com.kms.katalon.core.main.ScriptEngine.runScriptAsRawText(ScriptEngine.java:119)
	at com.kms.katalon.core.main.TestCaseExecutor.runScript(TestCaseExecutor.java:337)
	at com.kms.katalon.core.main.TestCaseExecutor.doExecute(TestCaseExecutor.java:328)
	at com.kms.katalon.core.main.TestCaseExecutor.processExecutionPhase(TestCaseExecutor.java:307)
	at com.kms.katalon.core.main.TestCaseExecutor.accessMainPhase(TestCaseExecutor.java:299)
	at com.kms.katalon.core.main.TestCaseExecutor.execute(TestCaseExecutor.java:233)
	at com.kms.katalon.core.main.TestSuiteExecutor.accessTestCaseMainPhase(TestSuiteExecutor.java:133)
	at com.kms.katalon.core.main.TestSuiteExecutor.accessTestSuiteMainPhase(TestSuiteExecutor.java:116)
	at com.kms.katalon.core.main.TestSuiteExecutor.execute(TestSuiteExecutor.java:83)
	at com.kms.katalon.core.main.TestCaseMain.startTestSuite(TestCaseMain.java:157)
	at com.kms.katalon.core.main.TestCaseMain$startTestSuite$0.call(Unknown Source)
	at TempTestSuite1563787634957.run(TempTestSuite1563787634957.groovy:35)
Caused by: java.io.FileNotFoundException: Reports/screenshots/chrome_checkpoint2.png (No such file or directory)
	at org.apache.commons.io.FileUtils.doCopyFile(FileUtils.java:1139)
	at org.apache.commons.io.FileUtils.copyFile(FileUtils.java:1091)
	at com.kms.katalon.core.webui.util.FileUtil.takesScreenshot(FileUtil.java:27)
	at com.kms.katalon.core.webui.keyword.builtin.TakeScreenshotKeyword$_takeScreenshot_closure1.doCall(TakeScreenshotKeyword.groovy:89)
	at com.kms.katalon.core.webui.keyword.builtin.TakeScreenshotKeyword$_takeScreenshot_closure1.call(TakeScreenshotKeyword.groovy)
	at com.kms.katalon.core.webui.keyword.internal.WebUIKeywordMain.runKeyword(WebUIKeywordMain.groovy:20)
	... 19 more

Video recording for test case 'Test Cases/test_case_chrome' .
2019-07-22 09:29:46.601 INFO  c.k.katalon.core.main.TestCaseExecutor   - END Test Cases/test_case_chrome
2019-07-22 09:29:46.786 WARN  com.kms.katalon.core.util.KeywordUtil    - java.io.IOException: No such file or directory
	at com.kms.katalon.core.setting.BundleSettingStore.getPropertyFile(BundleSettingStore.java:30)
	at com.kms.katalon.core.setting.BundleSettingStore.getValue(BundleSettingStore.java:49)
	at com.kms.katalon.core.setting.BundleSettingStore.getBoolean(BundleSettingStore.java:58)
	at com.kms.katalon.core.setting.BundleSettingStore$getBoolean.call(Unknown Source)
	at KatalonReportListener.exportKatalonReports(KatalonReportListener.groovy:22)
	at KatalonReportListener.invokeMethod(KatalonReportListener.groovy)
	at com.kms.katalon.core.context.internal.TestHooker.invokeMethod(TestHooker.java:109)
	at com.kms.katalon.core.context.internal.TestHooker.lambda$3(TestHooker.java:93)
	at com.kms.katalon.core.context.internal.TestHooker.invokeContextMethods(TestHooker.java:92)
	at com.kms.katalon.core.context.internal.TestListenerCollector.lambda$3(TestListenerCollector.java:86)
	at com.kms.katalon.core.context.internal.TestListenerCollector.handleListenerEvent(TestListenerCollector.java:83)
	at com.kms.katalon.core.context.internal.ExecutionEventManager.publicEvent(ExecutionEventManager.java:36)
	at com.kms.katalon.core.main.TestSuiteExecutor.execute(TestSuiteExecutor.java:91)
	at com.kms.katalon.core.main.TestCaseMain.startTestSuite(TestCaseMain.java:157)
	at com.kms.katalon.core.main.TestCaseMain$startTestSuite$0.call(Unknown Source)
	at TempTestSuite1563787634957.run(TempTestSuite1563787634957.groovy:35)

2019-07-22 09:29:47.430 INFO  c.k.katalon.core.main.TestSuiteExecutor  - --------------------
2019-07-22 09:29:47.433 INFO  c.k.katalon.core.main.TestSuiteExecutor  - END Test Suites/test_init
2019-07-22 09:29:47.433 INFO  c.k.katalon.core.main.TestSuiteExecutor  - ====================
Launcher status after execution process completed: Running
Start writing execution.uuid file to folder: /var/jenkins_home/workspace/test_job/test_auto/Reports/test_init/20190722_092714

Mon Jul 22 09:29:47 UTC 2019
java.lang.NullPointerException
	at com.kms.katalon.execution.launcher.ReportableLauncher.getUserReportFolder(ReportableLauncher.java:313)
	at com.kms.katalon.execution.launcher.ReportableLauncher.copyReport(ReportableLauncher.java:237)
	at com.kms.katalon.execution.launcher.ReportableLauncher.prepareReport(ReportableLauncher.java:222)
	at com.kms.katalon.execution.launcher.ReportableLauncher.preExecutionComplete(ReportableLauncher.java:95)
	at com.kms.katalon.execution.launcher.ProcessLauncher.onWatchdogComplete(ProcessLauncher.java:191)
	at com.kms.katalon.execution.launcher.LaunchWatchdog.notifyProcessTerminated(LaunchWatchdog.java:136)
	at com.kms.katalon.execution.launcher.LaunchWatchdog.run(LaunchWatchdog.java:66)
	at java.lang.Thread.run(Thread.java:748)


For real-time monitoring and better reporting capabilities please integrate this project with Katalon Analytics (more details at https://docs.katalon.com/katalon-analytics/docs/integration-with-katalon-studio.html#enable-integration)

--------------------------------------------------------------------------------
Test Suites/test_init - Chrome - 20190722_092714.......................1/1(100%)
--------------------------------------------------------------------------------

Build step 'Execute Katalon Studio Tests' marked build as failure
Archiving artifacts
[htmlpublisher] Archiving HTML reports...
[htmlpublisher] Archiving at BUILD level /var/jenkins_home/workspace/test_job/test_auto/Reports/test_init to /var/jenkins_home/jobs/test_auto_chrome/builds/1/htmlreports/Rapport_HTML_chrome
Checking for post-build
Performing post-build step
Extended Email Publisher is currently disabled in project settings
[WS-CLEANUP] Deleting project workspace...
[WS-CLEANUP] Skipped based on build state FAILURE
Finished: FAILURE
